<?xml version="1.0" encoding="UTF-8"?>
<!-- Generated by org.testng.reporters.JUnitReportReporter -->
<testsuite skipped="0" hostname="Mir-PC" name="com.qtpselenium.core.ddf.testcases.DummyTestB4" tests="1" failures="0" timestamp="28 May 2019 06:05:50 GMT" time="8.638" errors="0">
  <testcase name="testB" time="8.638" classname="com.qtpselenium.core.ddf.testcases.DummyTestB4"/>
</testsuite> <!-- com.qtpselenium.core.ddf.testcases.DummyTestB4 -->
