<?xml version="1.0" encoding="UTF-8"?>
<!-- Generated by org.testng.reporters.JUnitReportReporter -->
<testsuite skipped="0" hostname="Mir-PC" name="com.qtpselenium.core.ddf.testcases.DummyTestB2" tests="1" failures="0" timestamp="27 May 2019 19:42:38 GMT" time="9.182" errors="0">
  <testcase name="testB" time="9.182" classname="com.qtpselenium.core.ddf.testcases.DummyTestB2"/>
</testsuite> <!-- com.qtpselenium.core.ddf.testcases.DummyTestB2 -->
