<?xml version="1.0" encoding="UTF-8"?>
<!-- Generated by org.testng.reporters.JUnitReportReporter -->
<testsuite skipped="0" hostname="Mir-PC" name="com.qtpselenium.core.ddf.testcases.DummyTestB" tests="1" failures="0" timestamp="05 Jun 2019 23:58:32 GMT" time="6.290" errors="0">
  <testcase name="testB" time="6.290" classname="com.qtpselenium.core.ddf.testcases.DummyTestB"/>
</testsuite> <!-- com.qtpselenium.core.ddf.testcases.DummyTestB -->
