<?xml version="1.0" encoding="UTF-8"?>
<!-- Generated by org.testng.reporters.JUnitReportReporter -->
<testsuite skipped="0" hostname="Mir-PC" name="com.qtpselenium.core.ddf.base.TestA" tests="3" failures="0" timestamp="16 Jun 2019 16:43:01 GMT" time="0.020" errors="0">
  <testcase name="testA" time="0.014" classname="com.qtpselenium.core.ddf.base.TestA"/>
  <testcase name="testA" time="0.003" classname="com.qtpselenium.core.ddf.base.TestA"/>
  <testcase name="testA" time="0.003" classname="com.qtpselenium.core.ddf.base.TestA"/>
</testsuite> <!-- com.qtpselenium.core.ddf.base.TestA -->
