<?xml version="1.0" encoding="UTF-8"?>
<!-- Generated by org.testng.reporters.JUnitReportReporter -->
<testsuite skipped="0" hostname="Mir-PC" name="com.qtpselenium.core.ddf.testcases.DummyTestB3" tests="1" failures="0" timestamp="28 May 2019 00:53:24 GMT" time="7.310" errors="0">
  <testcase name="testB" time="7.310" classname="com.qtpselenium.core.ddf.testcases.DummyTestB3"/>
</testsuite> <!-- com.qtpselenium.core.ddf.testcases.DummyTestB3 -->
