<?xml version="1.0" encoding="UTF-8"?>
<!-- Generated by org.testng.reporters.JUnitReportReporter -->
<testsuite skipped="0" hostname="Mir-PC" name="com.qtpselenium.core.ddf.testcases.DummyTestC2" tests="1" failures="0" timestamp="10 Jun 2019 16:10:51 GMT" time="0.279" errors="0">
  <testcase name="testC" time="0.279" classname="com.qtpselenium.core.ddf.testcases.DummyTestC2"/>
</testsuite> <!-- com.qtpselenium.core.ddf.testcases.DummyTestC2 -->
