<?xml version="1.0" encoding="UTF-8"?>
<!-- Generated by org.testng.reporters.JUnitReportReporter -->
<testsuite skipped="0" hostname="Mir-PC" name="com.qtpselenium.core.ddf.testcases.DummyTestC" tests="1" failures="0" timestamp="06 Jun 2019 00:02:09 GMT" time="0.003" errors="0">
  <testcase name="testC" time="0.003" classname="com.qtpselenium.core.ddf.testcases.DummyTestC"/>
</testsuite> <!-- com.qtpselenium.core.ddf.testcases.DummyTestC -->
