<?xml version="1.0" encoding="UTF-8"?>
<!-- Generated by org.testng.reporters.JUnitReportReporter -->
<testsuite skipped="0" hostname="Mir-PC" name="com.qtpselenium.core.ddf.base.Ittadi3" tests="1" failures="0" timestamp="11 Jun 2019 00:20:56 GMT" time="10.879" errors="0">
  <testcase name="captureScreenShot" time="10.879" classname="com.qtpselenium.core.ddf.base.Ittadi3"/>
</testsuite> <!-- com.qtpselenium.core.ddf.base.Ittadi3 -->
