<?xml version="1.0" encoding="UTF-8"?>
<!-- Generated by org.testng.reporters.JUnitReportReporter -->
<testsuite skipped="0" hostname="Mir-PC" name="com.qtpselenium.core.ddf.base.Ittadi2" tests="1" failures="0" timestamp="10 Jun 2019 21:08:21 GMT" time="9.246" errors="0">
  <testcase name="captureScreenShot" time="9.246" classname="com.qtpselenium.core.ddf.base.Ittadi2"/>
</testsuite> <!-- com.qtpselenium.core.ddf.base.Ittadi2 -->
