<?xml version="1.0" encoding="UTF-8"?>
<!-- Generated by org.testng.reporters.JUnitReportReporter -->
<testsuite skipped="0" hostname="Mir-PC" name="com.qtpselenium.core.ddf.base.Ittadi" tests="1" failures="0" timestamp="10 Jun 2019 21:00:08 GMT" time="16.061" errors="0">
  <testcase name="captureScreenShot" time="16.061" classname="com.qtpselenium.core.ddf.base.Ittadi"/>
</testsuite> <!-- com.qtpselenium.core.ddf.base.Ittadi -->
