<?xml version="1.0" encoding="UTF-8"?>
<!-- Generated by org.testng.reporters.JUnitReportReporter -->
<testsuite skipped="0" hostname="Mir-PC" name="com.qtpselenium.core.ddf.testcases.DummyTestC3" tests="4" failures="0" timestamp="05 Jun 2019 22:41:10 GMT" time="0.474" errors="0">
  <testcase name="testC" time="0.057" classname="com.qtpselenium.core.ddf.testcases.DummyTestC3"/>
  <testcase name="testC" time="0.045" classname="com.qtpselenium.core.ddf.testcases.DummyTestC3"/>
  <testcase name="testC" time="0.333" classname="com.qtpselenium.core.ddf.testcases.DummyTestC3"/>
  <testcase name="testC" time="0.039" classname="com.qtpselenium.core.ddf.testcases.DummyTestC3"/>
</testsuite> <!-- com.qtpselenium.core.ddf.testcases.DummyTestC3 -->
